============================= test session starts ==============================
platform linux -- Python 3.12.0, pytest-9.0.2, pluggy-1.6.0 -- /zi/home/simon.kern/anaconda3/envs/pipeline/bin/python3.12
cachedir: .pytest_cache
rootdir: /zi/home/simon.kern/Desktop/mne-bids-pipeline
configfile: pyproject.toml
testpaths: mne_bids_pipeline
plugins: cov-7.0.0, anyio-4.12.1
collecting ... collected 65 items / 27 deselected / 38 selected

mne_bids_pipeline/tests/test_cli.py::test_config_generation PASSED       [  2%]
mne_bids_pipeline/tests/test_documented.py::test_options_documented PASSED [  5%]
mne_bids_pipeline/tests/test_documented.py::test_config_options_passed_to_any_steps FAILED [  7%]
mne_bids_pipeline/tests/test_documented.py::test_config_options_used_in_steps FAILED [ 10%]
mne_bids_pipeline/tests/test_documented.py::test_datasets_in_doc PASSED  [ 13%]
mne_bids_pipeline/tests/test_documented.py::test_config_template_valid PASSED [ 15%]
mne_bids_pipeline/tests/test_functions.py::test_all_functions_return[mne_bids_pipeline.steps.init._01_init_derivatives_dir] PASSED [ 18%]
mne_bids_pipeline/tests/test_functions.py::test_all_functions_return[mne_bids_pipeline.steps.init._02_find_empty_room] PASSED [ 21%]
mne_bids_pipeline/tests/test_functions.py::test_all_functions_return[mne_bids_pipeline.steps.preprocessing._01_data_quality] PASSED [ 23%]
mne_bids_pipeline/tests/test_functions.py::test_all_functions_return[mne_bids_pipeline.steps.preprocessing._02_head_pos] PASSED [ 26%]
mne_bids_pipeline/tests/test_functions.py::test_all_functions_return[mne_bids_pipeline.steps.preprocessing._03_maxfilter] PASSED [ 28%]
mne_bids_pipeline/tests/test_functions.py::test_all_functions_return[mne_bids_pipeline.steps.preprocessing._04_frequency_filter] PASSED [ 31%]
mne_bids_pipeline/tests/test_functions.py::test_all_functions_return[mne_bids_pipeline.steps.preprocessing._05_regress_artifact] PASSED [ 34%]
mne_bids_pipeline/tests/test_functions.py::test_all_functions_return[mne_bids_pipeline.steps.preprocessing._06a1_fit_ica] PASSED [ 36%]
mne_bids_pipeline/tests/test_functions.py::test_all_functions_return[mne_bids_pipeline.steps.preprocessing._06a2_find_ica_artifacts] PASSED [ 39%]
mne_bids_pipeline/tests/test_functions.py::test_all_functions_return[mne_bids_pipeline.steps.preprocessing._06b_run_ssp] PASSED [ 42%]
mne_bids_pipeline/tests/test_functions.py::test_all_functions_return[mne_bids_pipeline.steps.preprocessing._07_make_epochs] PASSED [ 44%]
mne_bids_pipeline/tests/test_functions.py::test_all_functions_return[mne_bids_pipeline.steps.preprocessing._08a_apply_ica] PASSED [ 47%]
mne_bids_pipeline/tests/test_functions.py::test_all_functions_return[mne_bids_pipeline.steps.preprocessing._08b_apply_ssp] PASSED [ 50%]
mne_bids_pipeline/tests/test_functions.py::test_all_functions_return[mne_bids_pipeline.steps.preprocessing._09_ptp_reject] PASSED [ 52%]
mne_bids_pipeline/tests/test_functions.py::test_all_functions_return[mne_bids_pipeline.steps.sensor._01_make_evoked] PASSED [ 55%]
mne_bids_pipeline/tests/test_functions.py::test_all_functions_return[mne_bids_pipeline.steps.sensor._02_decoding_full_epochs] PASSED [ 57%]
mne_bids_pipeline/tests/test_functions.py::test_all_functions_return[mne_bids_pipeline.steps.sensor._03_decoding_time_by_time] PASSED [ 60%]
mne_bids_pipeline/tests/test_functions.py::test_all_functions_return[mne_bids_pipeline.steps.sensor._04_time_frequency] PASSED [ 63%]
mne_bids_pipeline/tests/test_functions.py::test_all_functions_return[mne_bids_pipeline.steps.sensor._05_decoding_csp] PASSED [ 65%]
mne_bids_pipeline/tests/test_functions.py::test_all_functions_return[mne_bids_pipeline.steps.sensor._06_make_cov] PASSED [ 68%]
mne_bids_pipeline/tests/test_functions.py::test_all_functions_return[mne_bids_pipeline.steps.sensor._99_group_average] PASSED [ 71%]
mne_bids_pipeline/tests/test_functions.py::test_all_functions_return[mne_bids_pipeline.steps.source._01_make_bem_surfaces] PASSED [ 73%]
mne_bids_pipeline/tests/test_functions.py::test_all_functions_return[mne_bids_pipeline.steps.source._02_make_bem_solution] PASSED [ 76%]
mne_bids_pipeline/tests/test_functions.py::test_all_functions_return[mne_bids_pipeline.steps.source._03_setup_source_space] PASSED [ 78%]
mne_bids_pipeline/tests/test_functions.py::test_all_functions_return[mne_bids_pipeline.steps.source._04_make_forward] PASSED [ 81%]
mne_bids_pipeline/tests/test_functions.py::test_all_functions_return[mne_bids_pipeline.steps.source._05_make_inverse] PASSED [ 84%]
mne_bids_pipeline/tests/test_functions.py::test_all_functions_return[mne_bids_pipeline.steps.source._99_group_average] PASSED [ 86%]
mne_bids_pipeline/tests/test_functions.py::test_all_functions_return[mne_bids_pipeline.steps.freesurfer._01_recon_all] PASSED [ 89%]
mne_bids_pipeline/tests/test_functions.py::test_all_functions_return[mne_bids_pipeline.steps.freesurfer._02_coreg_surfaces] PASSED [ 92%]
mne_bids_pipeline/tests/test_run.py::test_missing_sessions[False] 
‚îå‚îÄ‚îÄ‚îÄ‚îÄ‚îÄ‚îÄ‚îÄ‚îÄ‚î¨ Welcome aboard MNE-BIDS-Pipeline! üëã ‚îÄ‚îÄ‚îÄ‚îÄ‚îÄ‚îÄ‚îÄ‚îÄ‚îÄ‚îÄ‚îÄ‚îÄ‚îÄ‚îÄ‚îÄ‚îÄ‚îÄ‚îÄ‚îÄ‚îÄ‚îÄ‚îÄ‚îÄ‚îÄ‚îÄ‚îÄ‚îÄ‚îÄ‚îÄ‚îÄ‚îÄ‚îÄ
‚îÇ15:29:52‚îÇ üìù Using configuration: /tmp/pytest-of-simon.kern/pytest-10/test_missing_sessions_False_0/fake_config_missing_session.py
‚îÇ15:29:52‚îÇ ‚ùå Overriding config.logger_level = 20
‚îî‚îÄ‚îÄ‚îÄ‚îÄ‚îÄ‚îÄ‚îÄ‚îÄ‚î¥ 
‚îå‚îÄ‚îÄ‚îÄ‚îÄ‚îÄ‚îÄ‚îÄ‚îÄ‚î¨ init/_01_init_derivatives_dir ‚îÄ‚îÄ‚îÄ‚îÄ‚îÄ‚îÄ‚îÄ‚îÄ‚îÄ‚îÄ‚îÄ‚îÄ‚îÄ‚îÄ‚îÄ‚îÄ‚îÄ‚îÄ‚îÄ‚îÄ‚îÄ‚îÄ‚îÄ‚îÄ‚îÄ‚îÄ‚îÄ‚îÄ‚îÄ‚îÄ‚îÄ‚îÄ‚îÄ‚îÄ‚îÄ‚îÄ‚îÄ‚îÄ‚îÄ
‚îÇ15:29:52‚îÇ ‚è≥Ô∏è Initializing output directories.
PASSED [ 94%]
mne_bids_pipeline/tests/test_run.py::test_missing_sessions[True] 
‚îå‚îÄ‚îÄ‚îÄ‚îÄ‚îÄ‚îÄ‚îÄ‚îÄ‚î¨ Welcome aboard MNE-BIDS-Pipeline! üëã ‚îÄ‚îÄ‚îÄ‚îÄ‚îÄ‚îÄ‚îÄ‚îÄ‚îÄ‚îÄ‚îÄ‚îÄ‚îÄ‚îÄ‚îÄ‚îÄ‚îÄ‚îÄ‚îÄ‚îÄ‚îÄ‚îÄ‚îÄ‚îÄ‚îÄ‚îÄ‚îÄ‚îÄ‚îÄ‚îÄ‚îÄ‚îÄ
‚îÇ15:29:52‚îÇ üìù Using configuration: /tmp/pytest-of-simon.kern/pytest-10/test_missing_sessions_True_0/fake_config_missing_session.py
‚îÇ15:29:52‚îÇ ‚ùå Overriding config.logger_level = 20
‚îî‚îÄ‚îÄ‚îÄ‚îÄ‚îÄ‚îÄ‚îÄ‚îÄ‚î¥ 
‚îå‚îÄ‚îÄ‚îÄ‚îÄ‚îÄ‚îÄ‚îÄ‚îÄ‚î¨ init/_01_init_derivatives_dir ‚îÄ‚îÄ‚îÄ‚îÄ‚îÄ‚îÄ‚îÄ‚îÄ‚îÄ‚îÄ‚îÄ‚îÄ‚îÄ‚îÄ‚îÄ‚îÄ‚îÄ‚îÄ‚îÄ‚îÄ‚îÄ‚îÄ‚îÄ‚îÄ‚îÄ‚îÄ‚îÄ‚îÄ‚îÄ‚îÄ‚îÄ‚îÄ‚îÄ‚îÄ‚îÄ‚îÄ‚îÄ‚îÄ‚îÄ
‚îÇ15:29:52‚îÇ ‚è≥Ô∏è Initializing output directories.
‚îî‚îÄ‚îÄ‚îÄ‚îÄ‚îÄ‚îÄ‚îÄ‚îÄ‚î¥ done (1s)
‚îå‚îÄ‚îÄ‚îÄ‚îÄ‚îÄ‚îÄ‚îÄ‚îÄ‚î¨ init/_02_find_empty_room ‚îÄ‚îÄ‚îÄ‚îÄ‚îÄ‚îÄ‚îÄ‚îÄ‚îÄ‚îÄ‚îÄ‚îÄ‚îÄ‚îÄ‚îÄ‚îÄ‚îÄ‚îÄ‚îÄ‚îÄ‚îÄ‚îÄ‚îÄ‚îÄ‚îÄ‚îÄ‚îÄ‚îÄ‚îÄ‚îÄ‚îÄ‚îÄ‚îÄ‚îÄ‚îÄ‚îÄ‚îÄ‚îÄ‚îÄ‚îÄ‚îÄ‚îÄ‚îÄ‚îÄ
‚îÇ15:29:52‚îÇ ‚è© sub-* Skipping, empty-room data only relevant for MEG ‚Ä¶
‚îî‚îÄ‚îÄ‚îÄ‚îÄ‚îÄ‚îÄ‚îÄ‚îÄ‚î¥ done (1s)
‚îå‚îÄ‚îÄ‚îÄ‚îÄ‚îÄ‚îÄ‚îÄ‚îÄ‚î¨ init/_01_init_derivatives_dir ‚îÄ‚îÄ‚îÄ‚îÄ‚îÄ‚îÄ‚îÄ‚îÄ‚îÄ‚îÄ‚îÄ‚îÄ‚îÄ‚îÄ‚îÄ‚îÄ‚îÄ‚îÄ‚îÄ‚îÄ‚îÄ‚îÄ‚îÄ‚îÄ‚îÄ‚îÄ‚îÄ‚îÄ‚îÄ‚îÄ‚îÄ‚îÄ‚îÄ‚îÄ‚îÄ‚îÄ‚îÄ‚îÄ‚îÄ
‚îÇ15:29:52‚îÇ ‚è≥Ô∏è Initializing output directories.
‚îî‚îÄ‚îÄ‚îÄ‚îÄ‚îÄ‚îÄ‚îÄ‚îÄ‚î¥ done (1s)
PASSED  [ 97%]
mne_bids_pipeline/tests/test_validation.py::test_validation PASSED       [100%]

=================================== FAILURES ===================================
___________________ test_config_options_passed_to_any_steps ____________________
mne_bids_pipeline/tests/test_documented.py:107: in test_config_options_passed_to_any_steps
    pcs = _ParseConfigSteps(force_empty=())
          ^^^^^^^^^^^^^^^^^^^^^^^^^^^^^^^^^
mne_bids_pipeline/_docs.py:243: in __init__
    raise RuntimeError(
E   RuntimeError: preprocessing/_06a2_find_ica_artifacts:get_config cannot handle call keyword.value.func.id='get_eog_channels' for get_eog_channels
----------------------------- Captured stderr call -----------------------------
Generating option->step mapping:   0%|          | 0/56 [00:00<?, ?it/s]Generating option->step mapping:  14%|‚ñà‚ñç        | 8/56 [00:00<00:00, 93.01it/s]
______________________ test_config_options_used_in_steps _______________________
mne_bids_pipeline/tests/test_documented.py:119: in test_config_options_used_in_steps
    pcs = _ParseConfigSteps()  # allow the force_empty defaults here
          ^^^^^^^^^^^^^^^^^^^
mne_bids_pipeline/_docs.py:243: in __init__
    raise RuntimeError(
E   RuntimeError: preprocessing/_06a2_find_ica_artifacts:get_config cannot handle call keyword.value.func.id='get_eog_channels' for get_eog_channels
----------------------------- Captured stderr call -----------------------------
Generating option->step mapping:   0%|          | 0/56 [00:00<?, ?it/s]Generating option->step mapping:  14%|‚ñà‚ñç        | 8/56 [00:00<00:00, 94.86it/s]
- generated xml file: /zi/home/simon.kern/Desktop/mne-bids-pipeline/junit-results.xml -
============================= slowest 10 durations =============================
0.90s call     mne_bids_pipeline/tests/test_validation.py::test_validation
0.58s call     mne_bids_pipeline/tests/test_documented.py::test_config_template_valid
0.53s call     mne_bids_pipeline/tests/test_cli.py::test_config_generation
0.39s call     mne_bids_pipeline/tests/test_documented.py::test_datasets_in_doc
0.12s call     mne_bids_pipeline/tests/test_run.py::test_missing_sessions[False]
0.11s call     mne_bids_pipeline/tests/test_run.py::test_missing_sessions[True]
0.11s call     mne_bids_pipeline/tests/test_documented.py::test_config_options_passed_to_any_steps
0.10s call     mne_bids_pipeline/tests/test_documented.py::test_options_documented
0.10s call     mne_bids_pipeline/tests/test_documented.py::test_config_options_used_in_steps
0.03s call     mne_bids_pipeline/tests/test_functions.py::test_all_functions_return[mne_bids_pipeline.steps.sensor._99_group_average]
=========================== short test summary info ============================
FAILED mne_bids_pipeline/tests/test_documented.py::test_config_options_passed_to_any_steps - RuntimeError: preprocessing/_06a2_find_ica_artifacts:get_config cannot handle call keyword.value.func.id='get_eog_channels' for get_eog_channels
FAILED mne_bids_pipeline/tests/test_documented.py::test_config_options_used_in_steps - RuntimeError: preprocessing/_06a2_find_ica_artifacts:get_config cannot handle call keyword.value.func.id='get_eog_channels' for get_eog_channels
================= 2 failed, 36 passed, 27 deselected in 11.76s =================
